This file contains any messages produced by compilers while
running configure, to aid debugging if configure makes a mistake.

It was created by iptables configure 1.8.9, which was
generated by GNU Autoconf 2.69.  Invocation command line was

  $ ./configure --enable-static --disable-shared --prefix=/home/dl/workspace/thridlib/iptables-1.8.9/install CC=arm-linux-gnueabihf-gcc --host=arm-linux-gnueabihf --disable-nftables

## --------- ##
## Platform. ##
## --------- ##

hostname = ubuntu
uname -m = x86_64
uname -r = 5.4.0-150-generic
uname -s = Linux
uname -v = #167~18.04.1-Ubuntu SMP Wed May 24 00:51:42 UTC 2023

/usr/bin/uname -p = unknown
/bin/uname -X     = unknown

/bin/arch              = unknown
/usr/bin/arch -k       = unknown
/usr/convex/getsysinfo = unknown
/usr/bin/hostinfo      = unknown
/bin/machine           = unknown
/usr/bin/oslevel       = unknown
/bin/universe          = unknown

PATH: /opt/OpenWrt-Toolchain-ramips-for-mipsel_24kec+dsp-gcc-4.8-linaro_uClibc-0.9.33.2/toolchain-mipsel_24kec+dsp_gcc-4.8-linaro_uClibc-0.9.33.2/bin
PATH: /usr/local/sbin
PATH: /usr/local/bin
PATH: /usr/sbin
PATH: /usr/bin
PATH: /sbin
PATH: /bin
PATH: /usr/games
PATH: /usr/local/games
PATH: /snap/bin
PATH: /usr/local/arm/gcc-linaro-4.9.4-2017.01-x86_64_arm-linux-gnueabihf/bin
PATH: /opt/cmake-3.21.4/bin


## ----------- ##
## Core tests. ##
## ----------- ##

configure:2581: checking for a BSD-compatible install
configure:2649: result: /usr/bin/install -c
configure:2662: checking whether build environment is sane
configure:2717: result: yes
configure:2771: checking for arm-linux-gnueabihf-strip
configure:2787: found /usr/bin/arm-linux-gnueabihf-strip
configure:2798: result: arm-linux-gnueabihf-strip
configure:2863: checking for a thread-safe mkdir -p
configure:2902: result: /bin/mkdir -p
configure:2909: checking for gawk
configure:2939: result: no
configure:2909: checking for mawk
configure:2925: found /usr/bin/mawk
configure:2936: result: mawk
configure:2947: checking whether make sets $(MAKE)
configure:2969: result: yes
configure:2998: checking whether make supports nested variables
configure:3015: result: yes
configure:3149: checking for arm-linux-gnueabihf-gcc
configure:3176: result: arm-linux-gnueabihf-gcc
configure:3445: checking for C compiler version
configure:3454: arm-linux-gnueabihf-gcc --version >&5
arm-linux-gnueabihf-gcc (Linaro GCC 4.9-2017.01) 4.9.4
Copyright (C) 2015 Free Software Foundation, Inc.
This is free software; see the source for copying conditions.  There is NO
warranty; not even for MERCHANTABILITY or FITNESS FOR A PARTICULAR PURPOSE.

configure:3465: $? = 0
configure:3454: arm-linux-gnueabihf-gcc -v >&5
Using built-in specs.
COLLECT_GCC=arm-linux-gnueabihf-gcc
COLLECT_LTO_WRAPPER=/usr/local/arm/gcc-linaro-4.9.4-2017.01-x86_64_arm-linux-gnueabihf/bin/../libexec/gcc/arm-linux-gnueabihf/4.9.4/lto-wrapper
Target: arm-linux-gnueabihf
Configured with: /home/tcwg-buildslave/workspace/tcwg-make-release/label/docker-trusty-amd64-tcwg-build/target/arm-linux-gnueabihf/snapshots/gcc-linaro-4.9-2017.01/configure SHELL=/bin/bash --with-mpc=/home/tcwg-buildslave/workspace/tcwg-make-release/label/docker-trusty-amd64-tcwg-build/target/arm-linux-gnueabihf/_build/builds/destdir/x86_64-unknown-linux-gnu --with-mpfr=/home/tcwg-buildslave/workspace/tcwg-make-release/label/docker-trusty-amd64-tcwg-build/target/arm-linux-gnueabihf/_build/builds/destdir/x86_64-unknown-linux-gnu --with-gmp=/home/tcwg-buildslave/workspace/tcwg-make-release/label/docker-trusty-amd64-tcwg-build/target/arm-linux-gnueabihf/_build/builds/destdir/x86_64-unknown-linux-gnu --with-gnu-as --with-gnu-ld --disable-libmudflap --enable-lto --enable-objc-gc --enable-shared --without-included-gettext --enable-nls --disable-sjlj-exceptions --enable-gnu-unique-object --enable-linker-build-id --disable-libstdcxx-pch --enable-c99 --enable-clocale=gnu --enable-libstdcxx-debug --enable-long-long --with-cloog=no --with-ppl=no --with-isl=no --disable-multilib --with-float=hard --with-mode=thumb --with-tune=cortex-a9 --with-arch=armv7-a --with-fpu=vfpv3-d16 --enable-threads=posix --enable-multiarch --enable-libstdcxx-time=yes --with-build-sysroot=/home/tcwg-buildslave/workspace/tcwg-make-release/label/docker-trusty-amd64-tcwg-build/target/arm-linux-gnueabihf/_build/sysroots/arm-linux-gnueabihf --with-sysroot=/home/tcwg-buildslave/workspace/tcwg-make-release/label/docker-trusty-amd64-tcwg-build/target/arm-linux-gnueabihf/_build/builds/destdir/x86_64-unknown-linux-gnu/arm-linux-gnueabihf/libc --enable-checking=release --disable-bootstrap --enable-languages=c,c++,fortran,lto --build=x86_64-unknown-linux-gnu --host=x86_64-unknown-linux-gnu --target=arm-linux-gnueabihf --prefix=/home/tcwg-buildslave/workspace/tcwg-make-release/label/docker-trusty-amd64-tcwg-build/target/arm-linux-gnueabihf/_build/builds/destdir/x86_64-unknown-linux-gnu
Thread model: posix
gcc version 4.9.4 (Linaro GCC 4.9-2017.01) 
configure:3465: $? = 0
configure:3454: arm-linux-gnueabihf-gcc -V >&5
arm-linux-gnueabihf-gcc: error: unrecognized command line option '-V'
arm-linux-gnueabihf-gcc: fatal error: no input files
compilation terminated.
configure:3465: $? = 1
configure:3454: arm-linux-gnueabihf-gcc -qversion >&5
arm-linux-gnueabihf-gcc: error: unrecognized command line option '-qversion'
arm-linux-gnueabihf-gcc: fatal error: no input files
compilation terminated.
configure:3465: $? = 1
configure:3485: checking whether the C compiler works
configure:3507: arm-linux-gnueabihf-gcc    conftest.c  >&5
configure:3511: $? = 0
configure:3559: result: yes
configure:3562: checking for C compiler default output file name
configure:3564: result: a.out
configure:3570: checking for suffix of executables
configure:3577: arm-linux-gnueabihf-gcc -o conftest    conftest.c  >&5
configure:3581: $? = 0
configure:3603: result: 
configure:3625: checking whether we are cross compiling
configure:3633: arm-linux-gnueabihf-gcc -o conftest    conftest.c  >&5
configure:3637: $? = 0
configure:3644: ./conftest
./configure: line 3646: ./conftest: cannot execute binary file: Exec format error
configure:3648: $? = 126
configure:3663: result: yes
configure:3668: checking for suffix of object files
configure:3690: arm-linux-gnueabihf-gcc -c   conftest.c >&5
configure:3694: $? = 0
configure:3715: result: o
configure:3719: checking whether we are using the GNU C compiler
configure:3738: arm-linux-gnueabihf-gcc -c   conftest.c >&5
configure:3738: $? = 0
configure:3747: result: yes
configure:3756: checking whether arm-linux-gnueabihf-gcc accepts -g
configure:3776: arm-linux-gnueabihf-gcc -c -g  conftest.c >&5
configure:3776: $? = 0
configure:3817: result: yes
configure:3834: checking for arm-linux-gnueabihf-gcc option to accept ISO C89
configure:3897: arm-linux-gnueabihf-gcc  -c -g -O2  conftest.c >&5
configure:3897: $? = 0
configure:3910: result: none needed
configure:3935: checking whether arm-linux-gnueabihf-gcc understands -c and -o together
configure:3957: arm-linux-gnueabihf-gcc -c conftest.c -o conftest2.o
configure:3960: $? = 0
configure:3957: arm-linux-gnueabihf-gcc -c conftest.c -o conftest2.o
configure:3960: $? = 0
configure:3972: result: yes
configure:3992: checking whether make supports the include directive
configure:4007: make -f confmf.GNU && cat confinc.out
this is the am__doit target
configure:4010: $? = 0
configure:4029: result: yes (GNU style)
configure:4054: checking dependency style of arm-linux-gnueabihf-gcc
configure:4165: result: gcc3
configure:4187: checking for arm-linux-gnueabihf-ar
configure:4203: found /usr/bin/arm-linux-gnueabihf-ar
configure:4214: result: arm-linux-gnueabihf-ar
configure:4284: checking the archiver (arm-linux-gnueabihf-ar) interface
configure:4300: arm-linux-gnueabihf-gcc -c -g -O2  conftest.c >&5
configure:4300: $? = 0
configure:4302: arm-linux-gnueabihf-ar cru libconftest.a conftest.o >&5
arm-linux-gnueabihf-ar: `u' modifier ignored since `D' is the default (see `U')
configure:4305: $? = 0
configure:4333: result: ar
configure:4382: checking build system type
configure:4396: result: x86_64-pc-linux-gnu
configure:4416: checking host system type
configure:4429: result: arm-unknown-linux-gnueabihf
configure:4470: checking how to print strings
configure:4497: result: printf
configure:4518: checking for a sed that does not truncate output
configure:4582: result: /bin/sed
configure:4600: checking for grep that handles long lines and -e
configure:4658: result: /bin/grep
configure:4663: checking for egrep
configure:4725: result: /bin/grep -E
configure:4730: checking for fgrep
configure:4792: result: /bin/grep -F
configure:4827: checking for ld used by arm-linux-gnueabihf-gcc
configure:4894: result: /usr/local/arm/gcc-linaro-4.9.4-2017.01-x86_64_arm-linux-gnueabihf/arm-linux-gnueabihf/bin/ld
configure:4901: checking if the linker (/usr/local/arm/gcc-linaro-4.9.4-2017.01-x86_64_arm-linux-gnueabihf/arm-linux-gnueabihf/bin/ld) is GNU ld
configure:4916: result: yes
configure:4928: checking for BSD- or MS-compatible name lister (nm)
configure:4982: result: /usr/bin/arm-linux-gnueabihf-nm -B
configure:5112: checking the name lister (/usr/bin/arm-linux-gnueabihf-nm -B) interface
configure:5119: arm-linux-gnueabihf-gcc -c -g -O2  conftest.c >&5
configure:5122: /usr/bin/arm-linux-gnueabihf-nm -B "conftest.o"
configure:5125: output
00000000 B some_variable
configure:5132: result: BSD nm
configure:5135: checking whether ln -s works
configure:5139: result: yes
configure:5147: checking the maximum length of command line arguments
configure:5278: result: 1572864
configure:5326: checking how to convert x86_64-pc-linux-gnu file names to arm-unknown-linux-gnueabihf format
configure:5366: result: func_convert_file_noop
configure:5373: checking how to convert x86_64-pc-linux-gnu file names to toolchain format
configure:5393: result: func_convert_file_noop
configure:5400: checking for /usr/local/arm/gcc-linaro-4.9.4-2017.01-x86_64_arm-linux-gnueabihf/arm-linux-gnueabihf/bin/ld option to reload object files
configure:5407: result: -r
configure:5441: checking for arm-linux-gnueabihf-objdump
configure:5457: found /usr/bin/arm-linux-gnueabihf-objdump
configure:5468: result: arm-linux-gnueabihf-objdump
configure:5540: checking how to recognize dependent libraries
configure:5740: result: pass_all
configure:5785: checking for arm-linux-gnueabihf-dlltool
configure:5815: result: no
configure:5825: checking for dlltool
configure:5855: result: no
configure:5885: checking how to associate runtime and link libraries
configure:5912: result: printf %s\n
configure:5928: checking for arm-linux-gnueabihf-ar
configure:5955: result: arm-linux-gnueabihf-ar
configure:6036: checking for archiver @FILE support
configure:6053: arm-linux-gnueabihf-gcc -c -g -O2  conftest.c >&5
configure:6053: $? = 0
configure:6056: arm-linux-gnueabihf-ar cr libconftest.a @conftest.lst >&5
configure:6059: $? = 0
configure:6064: arm-linux-gnueabihf-ar cr libconftest.a @conftest.lst >&5
arm-linux-gnueabihf-ar: conftest.o: No such file or directory
configure:6067: $? = 1
configure:6079: result: @
configure:6097: checking for arm-linux-gnueabihf-strip
configure:6124: result: arm-linux-gnueabihf-strip
configure:6196: checking for arm-linux-gnueabihf-ranlib
configure:6212: found /usr/bin/arm-linux-gnueabihf-ranlib
configure:6223: result: arm-linux-gnueabihf-ranlib
configure:6365: checking command to parse /usr/bin/arm-linux-gnueabihf-nm -B output from arm-linux-gnueabihf-gcc object
configure:6518: arm-linux-gnueabihf-gcc -c -g -O2  conftest.c >&5
configure:6521: $? = 0
configure:6525: /usr/bin/arm-linux-gnueabihf-nm -B conftest.o | sed -n -e 's/^.*[	 ]\([ABCDGIRSTW][ABCDGIRSTW]*\)[	 ][	 ]*\([_A-Za-z][_A-Za-z0-9]*\)$/\1 \2 \2/p' | sed '/ __gnu_lto/d' > conftest.nm
configure:6591: arm-linux-gnueabihf-gcc -o conftest -g -O2   conftest.c conftstm.o >&5
configure:6594: $? = 0
configure:6632: result: ok
configure:6679: checking for sysroot
configure:6709: result: no
configure:6716: checking for a working dd
configure:6754: result: /bin/dd
configure:6758: checking how to truncate binary pipes
configure:6773: result: /bin/dd bs=4096 count=1
configure:7062: checking for arm-linux-gnueabihf-mt
configure:7092: result: no
configure:7102: checking for mt
configure:7118: found /bin/mt
configure:7129: result: mt
configure:7141: WARNING: using cross tools not prefixed with host triplet
configure:7152: checking if mt is a manifest tool
configure:7158: mt '-?'
configure:7166: result: no
configure:7843: checking how to run the C preprocessor
configure:7874: arm-linux-gnueabihf-gcc -E  conftest.c
configure:7874: $? = 0
configure:7888: arm-linux-gnueabihf-gcc -E  conftest.c
conftest.c:11:28: fatal error: ac_nonexistent.h: No such file or directory
 #include <ac_nonexistent.h>
                            ^
compilation terminated.
configure:7888: $? = 1
configure: failed program was:
| /* confdefs.h */
| #define PACKAGE_NAME "iptables"
| #define PACKAGE_TARNAME "iptables"
| #define PACKAGE_VERSION "1.8.9"
| #define PACKAGE_STRING "iptables 1.8.9"
| #define PACKAGE_BUGREPORT ""
| #define PACKAGE_URL ""
| #define PACKAGE "iptables"
| #define VERSION "1.8.9"
| /* end confdefs.h.  */
| #include <ac_nonexistent.h>
configure:7913: result: arm-linux-gnueabihf-gcc -E
configure:7933: arm-linux-gnueabihf-gcc -E  conftest.c
configure:7933: $? = 0
configure:7947: arm-linux-gnueabihf-gcc -E  conftest.c
conftest.c:11:28: fatal error: ac_nonexistent.h: No such file or directory
 #include <ac_nonexistent.h>
                            ^
compilation terminated.
configure:7947: $? = 1
configure: failed program was:
| /* confdefs.h */
| #define PACKAGE_NAME "iptables"
| #define PACKAGE_TARNAME "iptables"
| #define PACKAGE_VERSION "1.8.9"
| #define PACKAGE_STRING "iptables 1.8.9"
| #define PACKAGE_BUGREPORT ""
| #define PACKAGE_URL ""
| #define PACKAGE "iptables"
| #define VERSION "1.8.9"
| /* end confdefs.h.  */
| #include <ac_nonexistent.h>
configure:7976: checking for ANSI C header files
configure:7996: arm-linux-gnueabihf-gcc -c -g -O2  conftest.c >&5
configure:7996: $? = 0
configure:8080: result: yes
configure:8093: checking for sys/types.h
configure:8093: arm-linux-gnueabihf-gcc -c -g -O2  conftest.c >&5
configure:8093: $? = 0
configure:8093: result: yes
configure:8093: checking for sys/stat.h
configure:8093: arm-linux-gnueabihf-gcc -c -g -O2  conftest.c >&5
configure:8093: $? = 0
configure:8093: result: yes
configure:8093: checking for stdlib.h
configure:8093: arm-linux-gnueabihf-gcc -c -g -O2  conftest.c >&5
configure:8093: $? = 0
configure:8093: result: yes
configure:8093: checking for string.h
configure:8093: arm-linux-gnueabihf-gcc -c -g -O2  conftest.c >&5
configure:8093: $? = 0
configure:8093: result: yes
configure:8093: checking for memory.h
configure:8093: arm-linux-gnueabihf-gcc -c -g -O2  conftest.c >&5
configure:8093: $? = 0
configure:8093: result: yes
configure:8093: checking for strings.h
configure:8093: arm-linux-gnueabihf-gcc -c -g -O2  conftest.c >&5
configure:8093: $? = 0
configure:8093: result: yes
configure:8093: checking for inttypes.h
configure:8093: arm-linux-gnueabihf-gcc -c -g -O2  conftest.c >&5
configure:8093: $? = 0
configure:8093: result: yes
configure:8093: checking for stdint.h
configure:8093: arm-linux-gnueabihf-gcc -c -g -O2  conftest.c >&5
configure:8093: $? = 0
configure:8093: result: yes
configure:8093: checking for unistd.h
configure:8093: arm-linux-gnueabihf-gcc -c -g -O2  conftest.c >&5
configure:8093: $? = 0
configure:8093: result: yes
configure:8107: checking for dlfcn.h
configure:8107: arm-linux-gnueabihf-gcc -c -g -O2  conftest.c >&5
configure:8107: $? = 0
configure:8107: result: yes
configure:8362: checking for objdir
configure:8377: result: .libs
configure:8641: checking if arm-linux-gnueabihf-gcc supports -fno-rtti -fno-exceptions
configure:8659: arm-linux-gnueabihf-gcc -c -g -O2  -fno-rtti -fno-exceptions conftest.c >&5
cc1: warning: command line option '-fno-rtti' is valid for C++/ObjC++ but not for C
configure:8663: $? = 0
configure:8676: result: no
configure:9040: checking for arm-linux-gnueabihf-gcc option to produce PIC
configure:9047: result: -fPIC -DPIC
configure:9055: checking if arm-linux-gnueabihf-gcc PIC flag -fPIC -DPIC works
configure:9073: arm-linux-gnueabihf-gcc -c -g -O2  -fPIC -DPIC -DPIC conftest.c >&5
configure:9077: $? = 0
configure:9090: result: yes
configure:9119: checking if arm-linux-gnueabihf-gcc static flag -static works
configure:9147: result: yes
configure:9162: checking if arm-linux-gnueabihf-gcc supports -c -o file.o
configure:9183: arm-linux-gnueabihf-gcc -c -g -O2  -o out/conftest2.o conftest.c >&5
configure:9187: $? = 0
configure:9209: result: yes
configure:9217: checking if arm-linux-gnueabihf-gcc supports -c -o file.o
configure:9264: result: yes
configure:9297: checking whether the arm-linux-gnueabihf-gcc linker (/usr/local/arm/gcc-linaro-4.9.4-2017.01-x86_64_arm-linux-gnueabihf/arm-linux-gnueabihf/bin/ld) supports shared libraries
configure:10560: result: yes
configure:10800: checking dynamic linker characteristics
configure:11381: arm-linux-gnueabihf-gcc -o conftest -g -O2   -Wl,-rpath -Wl,/foo conftest.c  >&5
configure:11381: $? = 0
configure:11630: result: GNU/Linux ld.so
configure:11752: checking how to hardcode library paths into programs
configure:11777: result: immediate
configure:12325: checking whether stripping libraries is possible
configure:12330: result: yes
configure:12365: checking if libtool supports shared libraries
configure:12367: result: yes
configure:12370: checking whether to build shared libraries
configure:12395: result: no
configure:12398: checking whether to build static libraries
configure:12402: result: yes
configure:12557: checking whether /usr/local/arm/gcc-linaro-4.9.4-2017.01-x86_64_arm-linux-gnueabihf/arm-linux-gnueabihf/bin/ld knows -Wl,--no-undefined
configure:12565: arm-linux-gnueabihf-gcc -o conftest -g -O2  -Wl,--no-undefined conftest.c  >&5
configure:12565: $? = 0
configure:12566: result: yes
configure:12587: checking linux/dccp.h usability
configure:12587: arm-linux-gnueabihf-gcc -c -g -O2  conftest.c >&5
configure:12587: $? = 0
configure:12587: result: yes
configure:12587: checking linux/dccp.h presence
configure:12587: arm-linux-gnueabihf-gcc -E  conftest.c
configure:12587: $? = 0
configure:12587: result: yes
configure:12587: checking for linux/dccp.h
configure:12587: result: yes
configure:12587: checking linux/ip_vs.h usability
configure:12587: arm-linux-gnueabihf-gcc -c -g -O2  conftest.c >&5
configure:12587: $? = 0
configure:12587: result: yes
configure:12587: checking linux/ip_vs.h presence
configure:12587: arm-linux-gnueabihf-gcc -E  conftest.c
configure:12587: $? = 0
configure:12587: result: yes
configure:12587: checking for linux/ip_vs.h
configure:12587: result: yes
configure:12587: checking linux/magic.h usability
configure:12587: arm-linux-gnueabihf-gcc -c -g -O2  conftest.c >&5
configure:12587: $? = 0
configure:12587: result: yes
configure:12587: checking linux/magic.h presence
configure:12587: arm-linux-gnueabihf-gcc -E  conftest.c
configure:12587: $? = 0
configure:12587: result: yes
configure:12587: checking for linux/magic.h
configure:12587: result: yes
configure:12587: checking linux/proc_fs.h usability
configure:12587: arm-linux-gnueabihf-gcc -c -g -O2  conftest.c >&5
conftest.c:59:27: fatal error: linux/proc_fs.h: No such file or directory
 #include <linux/proc_fs.h>
                           ^
compilation terminated.
configure:12587: $? = 1
configure: failed program was:
| /* confdefs.h */
| #define PACKAGE_NAME "iptables"
| #define PACKAGE_TARNAME "iptables"
| #define PACKAGE_VERSION "1.8.9"
| #define PACKAGE_STRING "iptables 1.8.9"
| #define PACKAGE_BUGREPORT ""
| #define PACKAGE_URL ""
| #define PACKAGE "iptables"
| #define VERSION "1.8.9"
| #define STDC_HEADERS 1
| #define HAVE_SYS_TYPES_H 1
| #define HAVE_SYS_STAT_H 1
| #define HAVE_STDLIB_H 1
| #define HAVE_STRING_H 1
| #define HAVE_MEMORY_H 1
| #define HAVE_STRINGS_H 1
| #define HAVE_INTTYPES_H 1
| #define HAVE_STDINT_H 1
| #define HAVE_UNISTD_H 1
| #define HAVE_DLFCN_H 1
| #define LT_OBJDIR ".libs/"
| #define HAVE_LINUX_DCCP_H 1
| #define HAVE_LINUX_IP_VS_H 1
| #define HAVE_LINUX_MAGIC_H 1
| /* end confdefs.h.  */
| #include <stdio.h>
| #ifdef HAVE_SYS_TYPES_H
| # include <sys/types.h>
| #endif
| #ifdef HAVE_SYS_STAT_H
| # include <sys/stat.h>
| #endif
| #ifdef STDC_HEADERS
| # include <stdlib.h>
| # include <stddef.h>
| #else
| # ifdef HAVE_STDLIB_H
| #  include <stdlib.h>
| # endif
| #endif
| #ifdef HAVE_STRING_H
| # if !defined STDC_HEADERS && defined HAVE_MEMORY_H
| #  include <memory.h>
| # endif
| # include <string.h>
| #endif
| #ifdef HAVE_STRINGS_H
| # include <strings.h>
| #endif
| #ifdef HAVE_INTTYPES_H
| # include <inttypes.h>
| #endif
| #ifdef HAVE_STDINT_H
| # include <stdint.h>
| #endif
| #ifdef HAVE_UNISTD_H
| # include <unistd.h>
| #endif
| #include <linux/proc_fs.h>
configure:12587: result: no
configure:12587: checking linux/proc_fs.h presence
configure:12587: arm-linux-gnueabihf-gcc -E  conftest.c
conftest.c:26:27: fatal error: linux/proc_fs.h: No such file or directory
 #include <linux/proc_fs.h>
                           ^
compilation terminated.
configure:12587: $? = 1
configure: failed program was:
| /* confdefs.h */
| #define PACKAGE_NAME "iptables"
| #define PACKAGE_TARNAME "iptables"
| #define PACKAGE_VERSION "1.8.9"
| #define PACKAGE_STRING "iptables 1.8.9"
| #define PACKAGE_BUGREPORT ""
| #define PACKAGE_URL ""
| #define PACKAGE "iptables"
| #define VERSION "1.8.9"
| #define STDC_HEADERS 1
| #define HAVE_SYS_TYPES_H 1
| #define HAVE_SYS_STAT_H 1
| #define HAVE_STDLIB_H 1
| #define HAVE_STRING_H 1
| #define HAVE_MEMORY_H 1
| #define HAVE_STRINGS_H 1
| #define HAVE_INTTYPES_H 1
| #define HAVE_STDINT_H 1
| #define HAVE_UNISTD_H 1
| #define HAVE_DLFCN_H 1
| #define LT_OBJDIR ".libs/"
| #define HAVE_LINUX_DCCP_H 1
| #define HAVE_LINUX_IP_VS_H 1
| #define HAVE_LINUX_MAGIC_H 1
| /* end confdefs.h.  */
| #include <linux/proc_fs.h>
configure:12587: result: no
configure:12587: checking for linux/proc_fs.h
configure:12587: result: no
configure:12587: checking linux/bpf.h usability
configure:12587: arm-linux-gnueabihf-gcc -c -g -O2  conftest.c >&5
configure:12587: $? = 0
configure:12587: result: yes
configure:12587: checking linux/bpf.h presence
configure:12587: arm-linux-gnueabihf-gcc -E  conftest.c
configure:12587: $? = 0
configure:12587: result: yes
configure:12587: checking for linux/bpf.h
configure:12587: result: yes
configure:12608: checking size of struct ip6_hdr
configure:12613: arm-linux-gnueabihf-gcc -c -g -O2  conftest.c >&5
configure:12613: $? = 0
configure:12613: arm-linux-gnueabihf-gcc -c -g -O2  conftest.c >&5
conftest.c: In function 'main':
conftest.c:32:12: error: size of array 'test_array' is negative
 static int test_array [1 - 2 * !(((long int) (sizeof (struct ip6_hdr))) <= 0)];
            ^
configure:12613: $? = 1
configure: failed program was:
| /* confdefs.h */
| #define PACKAGE_NAME "iptables"
| #define PACKAGE_TARNAME "iptables"
| #define PACKAGE_VERSION "1.8.9"
| #define PACKAGE_STRING "iptables 1.8.9"
| #define PACKAGE_BUGREPORT ""
| #define PACKAGE_URL ""
| #define PACKAGE "iptables"
| #define VERSION "1.8.9"
| #define STDC_HEADERS 1
| #define HAVE_SYS_TYPES_H 1
| #define HAVE_SYS_STAT_H 1
| #define HAVE_STDLIB_H 1
| #define HAVE_STRING_H 1
| #define HAVE_MEMORY_H 1
| #define HAVE_STRINGS_H 1
| #define HAVE_INTTYPES_H 1
| #define HAVE_STDINT_H 1
| #define HAVE_UNISTD_H 1
| #define HAVE_DLFCN_H 1
| #define LT_OBJDIR ".libs/"
| #define HAVE_LINUX_DCCP_H 1
| #define HAVE_LINUX_IP_VS_H 1
| #define HAVE_LINUX_MAGIC_H 1
| #define HAVE_LINUX_BPF_H 1
| /* end confdefs.h.  */
| #include <netinet/ip6.h>
| 
| int
| main ()
| {
| static int test_array [1 - 2 * !(((long int) (sizeof (struct ip6_hdr))) <= 0)];
| test_array [0] = 0;
| return test_array [0];
| 
|   ;
|   return 0;
| }
configure:12613: arm-linux-gnueabihf-gcc -c -g -O2  conftest.c >&5
conftest.c: In function 'main':
conftest.c:32:12: error: size of array 'test_array' is negative
 static int test_array [1 - 2 * !(((long int) (sizeof (struct ip6_hdr))) <= 1)];
            ^
configure:12613: $? = 1
configure: failed program was:
| /* confdefs.h */
| #define PACKAGE_NAME "iptables"
| #define PACKAGE_TARNAME "iptables"
| #define PACKAGE_VERSION "1.8.9"
| #define PACKAGE_STRING "iptables 1.8.9"
| #define PACKAGE_BUGREPORT ""
| #define PACKAGE_URL ""
| #define PACKAGE "iptables"
| #define VERSION "1.8.9"
| #define STDC_HEADERS 1
| #define HAVE_SYS_TYPES_H 1
| #define HAVE_SYS_STAT_H 1
| #define HAVE_STDLIB_H 1
| #define HAVE_STRING_H 1
| #define HAVE_MEMORY_H 1
| #define HAVE_STRINGS_H 1
| #define HAVE_INTTYPES_H 1
| #define HAVE_STDINT_H 1
| #define HAVE_UNISTD_H 1
| #define HAVE_DLFCN_H 1
| #define LT_OBJDIR ".libs/"
| #define HAVE_LINUX_DCCP_H 1
| #define HAVE_LINUX_IP_VS_H 1
| #define HAVE_LINUX_MAGIC_H 1
| #define HAVE_LINUX_BPF_H 1
| /* end confdefs.h.  */
| #include <netinet/ip6.h>
| 
| int
| main ()
| {
| static int test_array [1 - 2 * !(((long int) (sizeof (struct ip6_hdr))) <= 1)];
| test_array [0] = 0;
| return test_array [0];
| 
|   ;
|   return 0;
| }
configure:12613: arm-linux-gnueabihf-gcc -c -g -O2  conftest.c >&5
conftest.c: In function 'main':
conftest.c:32:12: error: size of array 'test_array' is negative
 static int test_array [1 - 2 * !(((long int) (sizeof (struct ip6_hdr))) <= 3)];
            ^
configure:12613: $? = 1
configure: failed program was:
| /* confdefs.h */
| #define PACKAGE_NAME "iptables"
| #define PACKAGE_TARNAME "iptables"
| #define PACKAGE_VERSION "1.8.9"
| #define PACKAGE_STRING "iptables 1.8.9"
| #define PACKAGE_BUGREPORT ""
| #define PACKAGE_URL ""
| #define PACKAGE "iptables"
| #define VERSION "1.8.9"
| #define STDC_HEADERS 1
| #define HAVE_SYS_TYPES_H 1
| #define HAVE_SYS_STAT_H 1
| #define HAVE_STDLIB_H 1
| #define HAVE_STRING_H 1
| #define HAVE_MEMORY_H 1
| #define HAVE_STRINGS_H 1
| #define HAVE_INTTYPES_H 1
| #define HAVE_STDINT_H 1
| #define HAVE_UNISTD_H 1
| #define HAVE_DLFCN_H 1
| #define LT_OBJDIR ".libs/"
| #define HAVE_LINUX_DCCP_H 1
| #define HAVE_LINUX_IP_VS_H 1
| #define HAVE_LINUX_MAGIC_H 1
| #define HAVE_LINUX_BPF_H 1
| /* end confdefs.h.  */
| #include <netinet/ip6.h>
| 
| int
| main ()
| {
| static int test_array [1 - 2 * !(((long int) (sizeof (struct ip6_hdr))) <= 3)];
| test_array [0] = 0;
| return test_array [0];
| 
|   ;
|   return 0;
| }
configure:12613: arm-linux-gnueabihf-gcc -c -g -O2  conftest.c >&5
conftest.c: In function 'main':
conftest.c:32:12: error: size of array 'test_array' is negative
 static int test_array [1 - 2 * !(((long int) (sizeof (struct ip6_hdr))) <= 7)];
            ^
configure:12613: $? = 1
configure: failed program was:
| /* confdefs.h */
| #define PACKAGE_NAME "iptables"
| #define PACKAGE_TARNAME "iptables"
| #define PACKAGE_VERSION "1.8.9"
| #define PACKAGE_STRING "iptables 1.8.9"
| #define PACKAGE_BUGREPORT ""
| #define PACKAGE_URL ""
| #define PACKAGE "iptables"
| #define VERSION "1.8.9"
| #define STDC_HEADERS 1
| #define HAVE_SYS_TYPES_H 1
| #define HAVE_SYS_STAT_H 1
| #define HAVE_STDLIB_H 1
| #define HAVE_STRING_H 1
| #define HAVE_MEMORY_H 1
| #define HAVE_STRINGS_H 1
| #define HAVE_INTTYPES_H 1
| #define HAVE_STDINT_H 1
| #define HAVE_UNISTD_H 1
| #define HAVE_DLFCN_H 1
| #define LT_OBJDIR ".libs/"
| #define HAVE_LINUX_DCCP_H 1
| #define HAVE_LINUX_IP_VS_H 1
| #define HAVE_LINUX_MAGIC_H 1
| #define HAVE_LINUX_BPF_H 1
| /* end confdefs.h.  */
| #include <netinet/ip6.h>
| 
| int
| main ()
| {
| static int test_array [1 - 2 * !(((long int) (sizeof (struct ip6_hdr))) <= 7)];
| test_array [0] = 0;
| return test_array [0];
| 
|   ;
|   return 0;
| }
configure:12613: arm-linux-gnueabihf-gcc -c -g -O2  conftest.c >&5
conftest.c: In function 'main':
conftest.c:32:12: error: size of array 'test_array' is negative
 static int test_array [1 - 2 * !(((long int) (sizeof (struct ip6_hdr))) <= 15)];
            ^
configure:12613: $? = 1
configure: failed program was:
| /* confdefs.h */
| #define PACKAGE_NAME "iptables"
| #define PACKAGE_TARNAME "iptables"
| #define PACKAGE_VERSION "1.8.9"
| #define PACKAGE_STRING "iptables 1.8.9"
| #define PACKAGE_BUGREPORT ""
| #define PACKAGE_URL ""
| #define PACKAGE "iptables"
| #define VERSION "1.8.9"
| #define STDC_HEADERS 1
| #define HAVE_SYS_TYPES_H 1
| #define HAVE_SYS_STAT_H 1
| #define HAVE_STDLIB_H 1
| #define HAVE_STRING_H 1
| #define HAVE_MEMORY_H 1
| #define HAVE_STRINGS_H 1
| #define HAVE_INTTYPES_H 1
| #define HAVE_STDINT_H 1
| #define HAVE_UNISTD_H 1
| #define HAVE_DLFCN_H 1
| #define LT_OBJDIR ".libs/"
| #define HAVE_LINUX_DCCP_H 1
| #define HAVE_LINUX_IP_VS_H 1
| #define HAVE_LINUX_MAGIC_H 1
| #define HAVE_LINUX_BPF_H 1
| /* end confdefs.h.  */
| #include <netinet/ip6.h>
| 
| int
| main ()
| {
| static int test_array [1 - 2 * !(((long int) (sizeof (struct ip6_hdr))) <= 15)];
| test_array [0] = 0;
| return test_array [0];
| 
|   ;
|   return 0;
| }
configure:12613: arm-linux-gnueabihf-gcc -c -g -O2  conftest.c >&5
conftest.c: In function 'main':
conftest.c:32:12: error: size of array 'test_array' is negative
 static int test_array [1 - 2 * !(((long int) (sizeof (struct ip6_hdr))) <= 31)];
            ^
configure:12613: $? = 1
configure: failed program was:
| /* confdefs.h */
| #define PACKAGE_NAME "iptables"
| #define PACKAGE_TARNAME "iptables"
| #define PACKAGE_VERSION "1.8.9"
| #define PACKAGE_STRING "iptables 1.8.9"
| #define PACKAGE_BUGREPORT ""
| #define PACKAGE_URL ""
| #define PACKAGE "iptables"
| #define VERSION "1.8.9"
| #define STDC_HEADERS 1
| #define HAVE_SYS_TYPES_H 1
| #define HAVE_SYS_STAT_H 1
| #define HAVE_STDLIB_H 1
| #define HAVE_STRING_H 1
| #define HAVE_MEMORY_H 1
| #define HAVE_STRINGS_H 1
| #define HAVE_INTTYPES_H 1
| #define HAVE_STDINT_H 1
| #define HAVE_UNISTD_H 1
| #define HAVE_DLFCN_H 1
| #define LT_OBJDIR ".libs/"
| #define HAVE_LINUX_DCCP_H 1
| #define HAVE_LINUX_IP_VS_H 1
| #define HAVE_LINUX_MAGIC_H 1
| #define HAVE_LINUX_BPF_H 1
| /* end confdefs.h.  */
| #include <netinet/ip6.h>
| 
| int
| main ()
| {
| static int test_array [1 - 2 * !(((long int) (sizeof (struct ip6_hdr))) <= 31)];
| test_array [0] = 0;
| return test_array [0];
| 
|   ;
|   return 0;
| }
configure:12613: arm-linux-gnueabihf-gcc -c -g -O2  conftest.c >&5
configure:12613: $? = 0
configure:12613: arm-linux-gnueabihf-gcc -c -g -O2  conftest.c >&5
configure:12613: $? = 0
configure:12613: arm-linux-gnueabihf-gcc -c -g -O2  conftest.c >&5
conftest.c: In function 'main':
conftest.c:32:12: error: size of array 'test_array' is negative
 static int test_array [1 - 2 * !(((long int) (sizeof (struct ip6_hdr))) <= 39)];
            ^
configure:12613: $? = 1
configure: failed program was:
| /* confdefs.h */
| #define PACKAGE_NAME "iptables"
| #define PACKAGE_TARNAME "iptables"
| #define PACKAGE_VERSION "1.8.9"
| #define PACKAGE_STRING "iptables 1.8.9"
| #define PACKAGE_BUGREPORT ""
| #define PACKAGE_URL ""
| #define PACKAGE "iptables"
| #define VERSION "1.8.9"
| #define STDC_HEADERS 1
| #define HAVE_SYS_TYPES_H 1
| #define HAVE_SYS_STAT_H 1
| #define HAVE_STDLIB_H 1
| #define HAVE_STRING_H 1
| #define HAVE_MEMORY_H 1
| #define HAVE_STRINGS_H 1
| #define HAVE_INTTYPES_H 1
| #define HAVE_STDINT_H 1
| #define HAVE_UNISTD_H 1
| #define HAVE_DLFCN_H 1
| #define LT_OBJDIR ".libs/"
| #define HAVE_LINUX_DCCP_H 1
| #define HAVE_LINUX_IP_VS_H 1
| #define HAVE_LINUX_MAGIC_H 1
| #define HAVE_LINUX_BPF_H 1
| /* end confdefs.h.  */
| #include <netinet/ip6.h>
| 
| int
| main ()
| {
| static int test_array [1 - 2 * !(((long int) (sizeof (struct ip6_hdr))) <= 39)];
| test_array [0] = 0;
| return test_array [0];
| 
|   ;
|   return 0;
| }
configure:12613: arm-linux-gnueabihf-gcc -c -g -O2  conftest.c >&5
configure:12613: $? = 0
configure:12613: arm-linux-gnueabihf-gcc -c -g -O2  conftest.c >&5
configure:12613: $? = 0
configure:12613: arm-linux-gnueabihf-gcc -c -g -O2  conftest.c >&5
configure:12613: $? = 0
configure:12628: result: 40
configure:12789: checking for arm-linux-gnueabihf-pkg-config
configure:12822: result: no
configure:12832: checking for pkg-config
configure:12865: result: no
configure:12900: checking for libnfnetlink >= 1.0
configure:12959: result: no
configure:13167: checking for libnetfilter_conntrack >= 1.0.6
configure:13226: result: no
configure:13417: checking that generated files are newer than configure
configure:13423: result: done
configure:13506: creating ./config.status

## ---------------------- ##
## Running config.status. ##
## ---------------------- ##

This file was extended by iptables config.status 1.8.9, which was
generated by GNU Autoconf 2.69.  Invocation command line was

  CONFIG_FILES    = 
  CONFIG_HEADERS  = 
  CONFIG_LINKS    = 
  CONFIG_COMMANDS = 
  $ ./config.status 

on ubuntu

config.status:1173: creating Makefile
config.status:1173: creating extensions/GNUmakefile
config.status:1173: creating include/Makefile
config.status:1173: creating iptables/Makefile
config.status:1173: creating iptables/xtables.pc
config.status:1173: creating iptables/iptables.8
config.status:1173: creating iptables/iptables-extensions.8.tmpl
config.status:1173: creating iptables/iptables-save.8
config.status:1173: creating iptables/iptables-restore.8
config.status:1173: creating iptables/iptables-apply.8
config.status:1173: creating iptables/iptables-xml.1
config.status:1173: creating libipq/Makefile
config.status:1173: creating libipq/libipq.pc
config.status:1173: creating libiptc/Makefile
config.status:1173: creating libiptc/libiptc.pc
config.status:1173: creating libiptc/libip4tc.pc
config.status:1173: creating libiptc/libip6tc.pc
config.status:1173: creating libxtables/Makefile
config.status:1173: creating utils/Makefile
config.status:1173: creating include/xtables-version.h
config.status:1173: creating iptables/xtables-monitor.8
config.status:1173: creating utils/nfnl_osf.8
config.status:1173: creating utils/nfbpf_compile.8
config.status:1173: creating config.h
config.status:1354: config.h is unchanged
config.status:1402: executing depfiles commands
config.status:1479: cd iptables       && sed -e '/# am--include-marker/d' Makefile         | make -f - am--depfiles
make: Nothing to be done for 'am--depfiles'.
config.status:1484: $? = 0
config.status:1479: cd libipq       && sed -e '/# am--include-marker/d' Makefile         | make -f - am--depfiles
make: Nothing to be done for 'am--depfiles'.
config.status:1484: $? = 0
config.status:1479: cd libiptc       && sed -e '/# am--include-marker/d' Makefile         | make -f - am--depfiles
make: Nothing to be done for 'am--depfiles'.
config.status:1484: $? = 0
config.status:1479: cd libxtables       && sed -e '/# am--include-marker/d' Makefile         | make -f - am--depfiles
make: Nothing to be done for 'am--depfiles'.
config.status:1484: $? = 0
config.status:1479: cd utils       && sed -e '/# am--include-marker/d' Makefile         | make -f - am--depfiles
make: Nothing to be done for 'am--depfiles'.
config.status:1484: $? = 0
config.status:1402: executing libtool commands

## ---------------- ##
## Cache variables. ##
## ---------------- ##

ac_cv_build=x86_64-pc-linux-gnu
ac_cv_c_compiler_gnu=yes
ac_cv_env_CC_set=set
ac_cv_env_CC_value=arm-linux-gnueabihf-gcc
ac_cv_env_CFLAGS_set=
ac_cv_env_CFLAGS_value=
ac_cv_env_CPPFLAGS_set=
ac_cv_env_CPPFLAGS_value=
ac_cv_env_CPP_set=
ac_cv_env_CPP_value=
ac_cv_env_LDFLAGS_set=
ac_cv_env_LDFLAGS_value=
ac_cv_env_LIBS_set=
ac_cv_env_LIBS_value=
ac_cv_env_LT_SYS_LIBRARY_PATH_set=
ac_cv_env_LT_SYS_LIBRARY_PATH_value=
ac_cv_env_PKG_CONFIG_LIBDIR_set=
ac_cv_env_PKG_CONFIG_LIBDIR_value=
ac_cv_env_PKG_CONFIG_PATH_set=
ac_cv_env_PKG_CONFIG_PATH_value=
ac_cv_env_PKG_CONFIG_set=
ac_cv_env_PKG_CONFIG_value=
ac_cv_env_build_alias_set=
ac_cv_env_build_alias_value=
ac_cv_env_host_alias_set=set
ac_cv_env_host_alias_value=arm-linux-gnueabihf
ac_cv_env_libmnl_CFLAGS_set=
ac_cv_env_libmnl_CFLAGS_value=
ac_cv_env_libmnl_LIBS_set=
ac_cv_env_libmnl_LIBS_value=
ac_cv_env_libnetfilter_conntrack_CFLAGS_set=
ac_cv_env_libnetfilter_conntrack_CFLAGS_value=
ac_cv_env_libnetfilter_conntrack_LIBS_set=
ac_cv_env_libnetfilter_conntrack_LIBS_value=
ac_cv_env_libnfnetlink_CFLAGS_set=
ac_cv_env_libnfnetlink_CFLAGS_value=
ac_cv_env_libnfnetlink_LIBS_set=
ac_cv_env_libnfnetlink_LIBS_value=
ac_cv_env_libnftnl_CFLAGS_set=
ac_cv_env_libnftnl_CFLAGS_value=
ac_cv_env_libnftnl_LIBS_set=
ac_cv_env_libnftnl_LIBS_value=
ac_cv_env_target_alias_set=
ac_cv_env_target_alias_value=
ac_cv_header_dlfcn_h=yes
ac_cv_header_inttypes_h=yes
ac_cv_header_linux_bpf_h=yes
ac_cv_header_linux_dccp_h=yes
ac_cv_header_linux_ip_vs_h=yes
ac_cv_header_linux_magic_h=yes
ac_cv_header_linux_proc_fs_h=no
ac_cv_header_memory_h=yes
ac_cv_header_stdc=yes
ac_cv_header_stdint_h=yes
ac_cv_header_stdlib_h=yes
ac_cv_header_string_h=yes
ac_cv_header_strings_h=yes
ac_cv_header_sys_stat_h=yes
ac_cv_header_sys_types_h=yes
ac_cv_header_unistd_h=yes
ac_cv_host=arm-unknown-linux-gnueabihf
ac_cv_objext=o
ac_cv_path_EGREP='/bin/grep -E'
ac_cv_path_FGREP='/bin/grep -F'
ac_cv_path_GREP=/bin/grep
ac_cv_path_SED=/bin/sed
ac_cv_path_install='/usr/bin/install -c'
ac_cv_path_lt_DD=/bin/dd
ac_cv_path_mkdir=/bin/mkdir
ac_cv_prog_AR=arm-linux-gnueabihf-ar
ac_cv_prog_AWK=mawk
ac_cv_prog_CC=arm-linux-gnueabihf-gcc
ac_cv_prog_CPP='arm-linux-gnueabihf-gcc -E'
ac_cv_prog_OBJDUMP=arm-linux-gnueabihf-objdump
ac_cv_prog_RANLIB=arm-linux-gnueabihf-ranlib
ac_cv_prog_STRIP=arm-linux-gnueabihf-strip
ac_cv_prog_ac_ct_MANIFEST_TOOL=mt
ac_cv_prog_cc_c89=
ac_cv_prog_cc_g=yes
ac_cv_prog_make_make_set=yes
ac_cv_sizeof_struct_ip6_hdr=40
am_cv_CC_dependencies_compiler_type=gcc3
am_cv_ar_interface=ar
am_cv_make_support_nested_variables=yes
am_cv_prog_cc_c_o=yes
lt_cv_ar_at_file=@
lt_cv_deplibs_check_method=pass_all
lt_cv_file_magic_cmd='$MAGIC_CMD'
lt_cv_file_magic_test_file=
lt_cv_ld_reload_flag=-r
lt_cv_nm_interface='BSD nm'
lt_cv_objdir=.libs
lt_cv_path_LD=/usr/local/arm/gcc-linaro-4.9.4-2017.01-x86_64_arm-linux-gnueabihf/arm-linux-gnueabihf/bin/ld
lt_cv_path_NM='/usr/bin/arm-linux-gnueabihf-nm -B'
lt_cv_path_mainfest_tool=no
lt_cv_prog_compiler_c_o=yes
lt_cv_prog_compiler_pic='-fPIC -DPIC'
lt_cv_prog_compiler_pic_works=yes
lt_cv_prog_compiler_rtti_exceptions=no
lt_cv_prog_compiler_static_works=yes
lt_cv_prog_gnu_ld=yes
lt_cv_sharedlib_from_linklib_cmd='printf %s\n'
lt_cv_shlibpath_overrides_runpath=no
lt_cv_sys_global_symbol_pipe='sed -n -e '\''s/^.*[	 ]\([ABCDGIRSTW][ABCDGIRSTW]*\)[	 ][	 ]*\([_A-Za-z][_A-Za-z0-9]*\)$/\1 \2 \2/p'\'' | sed '\''/ __gnu_lto/d'\'''
lt_cv_sys_global_symbol_to_c_name_address='sed -n -e '\''s/^: \(.*\) .*$/  {"\1", (void *) 0},/p'\'' -e '\''s/^[ABCDGIRSTW][ABCDGIRSTW]* .* \(.*\)$/  {"\1", (void *) \&\1},/p'\'''
lt_cv_sys_global_symbol_to_c_name_address_lib_prefix='sed -n -e '\''s/^: \(.*\) .*$/  {"\1", (void *) 0},/p'\'' -e '\''s/^[ABCDGIRSTW][ABCDGIRSTW]* .* \(lib.*\)$/  {"\1", (void *) \&\1},/p'\'' -e '\''s/^[ABCDGIRSTW][ABCDGIRSTW]* .* \(.*\)$/  {"lib\1", (void *) \&\1},/p'\'''
lt_cv_sys_global_symbol_to_cdecl='sed -n -e '\''s/^T .* \(.*\)$/extern int \1();/p'\'' -e '\''s/^[ABCDGIRSTW][ABCDGIRSTW]* .* \(.*\)$/extern char \1;/p'\'''
lt_cv_sys_global_symbol_to_import=
lt_cv_sys_max_cmd_len=1572864
lt_cv_to_host_file_cmd=func_convert_file_noop
lt_cv_to_tool_file_cmd=func_convert_file_noop
lt_cv_truncate_bin='/bin/dd bs=4096 count=1'

## ----------------- ##
## Output variables. ##
## ----------------- ##

ACLOCAL='${SHELL} '\''/home/dl/workspace/thridlib/iptables-1.8.9/build-aux/missing'\'' aclocal-1.16'
AMDEPBACKSLASH='\'
AMDEP_FALSE='#'
AMDEP_TRUE=''
AMTAR='$${TAR-tar}'
AM_BACKSLASH='\'
AM_DEFAULT_V='$(AM_DEFAULT_VERBOSITY)'
AM_DEFAULT_VERBOSITY='1'
AM_V='$(V)'
AR='arm-linux-gnueabihf-ar'
AUTOCONF='${SHELL} '\''/home/dl/workspace/thridlib/iptables-1.8.9/build-aux/missing'\'' autoconf'
AUTOHEADER='${SHELL} '\''/home/dl/workspace/thridlib/iptables-1.8.9/build-aux/missing'\'' autoheader'
AUTOMAKE='${SHELL} '\''/home/dl/workspace/thridlib/iptables-1.8.9/build-aux/missing'\'' automake-1.16'
AWK='mawk'
CC='arm-linux-gnueabihf-gcc'
CCDEPMODE='depmode=gcc3'
CFLAGS='-g -O2'
CPP='arm-linux-gnueabihf-gcc -E'
CPPFLAGS=''
CYGPATH_W='echo'
DEFS='-DHAVE_CONFIG_H'
DEPDIR='.deps'
DLLTOOL='false'
DSYMUTIL=''
DUMPBIN=''
ECHO_C=''
ECHO_N='-n'
ECHO_T=''
EGREP='/bin/grep -E'
ENABLE_BPFC_FALSE=''
ENABLE_BPFC_TRUE='#'
ENABLE_CONNLABEL_FALSE='#'
ENABLE_CONNLABEL_TRUE=''
ENABLE_DEVEL_FALSE='#'
ENABLE_DEVEL_TRUE=''
ENABLE_IPV4_FALSE='#'
ENABLE_IPV4_TRUE=''
ENABLE_IPV6_FALSE='#'
ENABLE_IPV6_TRUE=''
ENABLE_LARGEFILE_FALSE='#'
ENABLE_LARGEFILE_TRUE=''
ENABLE_LIBIPQ_FALSE=''
ENABLE_LIBIPQ_TRUE='#'
ENABLE_NFTABLES_FALSE=''
ENABLE_NFTABLES_TRUE='#'
ENABLE_SHARED_FALSE=''
ENABLE_SHARED_TRUE='#'
ENABLE_STATIC_FALSE='#'
ENABLE_STATIC_TRUE=''
ENABLE_SYNCONF_FALSE=''
ENABLE_SYNCONF_TRUE='#'
EXEEXT=''
FGREP='/bin/grep -F'
GREP='/bin/grep'
HAVE_LIBMNL_FALSE=''
HAVE_LIBMNL_TRUE='#'
HAVE_LIBNETFILTER_CONNTRACK_FALSE=''
HAVE_LIBNETFILTER_CONNTRACK_TRUE='#'
HAVE_LIBNFNETLINK_FALSE=''
HAVE_LIBNFNETLINK_TRUE='#'
HAVE_LIBNFTNL_FALSE=''
HAVE_LIBNFTNL_TRUE='#'
INSTALL_DATA='${INSTALL} -m 644'
INSTALL_PROGRAM='${INSTALL}'
INSTALL_SCRIPT='${INSTALL}'
INSTALL_STRIP_PROGRAM='$(install_sh) -c -s'
LD='/usr/local/arm/gcc-linaro-4.9.4-2017.01-x86_64_arm-linux-gnueabihf/arm-linux-gnueabihf/bin/ld'
LDFLAGS=''
LIBOBJS=''
LIBS=''
LIBTOOL='$(SHELL) $(top_builddir)/libtool'
LIPO=''
LN_S='ln -s'
LTLIBOBJS=''
LT_SYS_LIBRARY_PATH=''
MAKEINFO='${SHELL} '\''/home/dl/workspace/thridlib/iptables-1.8.9/build-aux/missing'\'' makeinfo'
MANIFEST_TOOL=':'
MKDIR_P='/bin/mkdir -p'
NM='/usr/bin/arm-linux-gnueabihf-nm -B'
NMEDIT=''
OBJDUMP='arm-linux-gnueabihf-objdump'
OBJEXT='o'
OTOOL64=''
OTOOL=''
PACKAGE='iptables'
PACKAGE_BUGREPORT=''
PACKAGE_NAME='iptables'
PACKAGE_STRING='iptables 1.8.9'
PACKAGE_TARNAME='iptables'
PACKAGE_URL=''
PACKAGE_VERSION='1.8.9'
PATH_SEPARATOR=':'
PKG_CONFIG=''
PKG_CONFIG_LIBDIR=''
PKG_CONFIG_PATH=''
RANLIB='arm-linux-gnueabihf-ranlib'
SED='/bin/sed'
SET_MAKE=''
SHELL='/bin/bash'
STRIP='arm-linux-gnueabihf-strip'
VERSION='1.8.9'
XT_LOCK_NAME='/run/xtables.lock'
ac_ct_AR=''
ac_ct_CC=''
ac_ct_DUMPBIN=''
am__EXEEXT_FALSE=''
am__EXEEXT_TRUE='#'
am__fastdepCC_FALSE='#'
am__fastdepCC_TRUE=''
am__include='include'
am__isrc=''
am__leading_dot='.'
am__nodep='_no'
am__quote=''
am__tar='$${TAR-tar} chof - "$$tardir"'
am__untar='$${TAR-tar} xf -'
bindir='${exec_prefix}/bin'
blacklist_4_modules=''
blacklist_6_modules=''
blacklist_a_modules=' mangle'
blacklist_b_modules=' limit mark nflog mangle'
blacklist_modules=' connlabel'
blacklist_x_modules=''
build='x86_64-pc-linux-gnu'
build_alias=''
build_cpu='x86_64'
build_os='linux-gnu'
build_vendor='pc'
datadir='${datarootdir}'
datarootdir='${prefix}/share'
docdir='${datarootdir}/doc/${PACKAGE_TARNAME}'
dvidir='${docdir}'
exec_prefix='${prefix}'
host='arm-unknown-linux-gnueabihf'
host_alias='arm-linux-gnueabihf'
host_cpu='arm'
host_os='linux-gnueabihf'
host_vendor='unknown'
htmldir='${docdir}'
includedir='${prefix}/include'
infodir='${datarootdir}/info'
install_sh='${SHELL} /home/dl/workspace/thridlib/iptables-1.8.9/build-aux/install-sh'
kbuilddir=''
kinclude_CPPFLAGS=''
ksourcedir=''
libdir='${exec_prefix}/lib'
libexecdir='${exec_prefix}/libexec'
libmnl_CFLAGS=''
libmnl_LIBS=''
libnetfilter_conntrack_CFLAGS=''
libnetfilter_conntrack_LIBS=''
libnfnetlink_CFLAGS=''
libnfnetlink_LIBS=''
libnftnl_CFLAGS=''
libnftnl_LIBS=''
libxtables_vage='7'
libxtables_vcurrent='19'
libxtables_vmajor='12'
localedir='${datarootdir}/locale'
localstatedir='${prefix}/var'
mandir='${datarootdir}/man'
mkdir_p='$(MKDIR_P)'
noundef_LDFLAGS='-Wl,--no-undefined'
oldincludedir='/usr/include'
pdfdir='${docdir}'
pkgconfigdir='${libdir}/pkgconfig'
pkgdatadir='${datadir}/xtables'
prefix='/home/dl/workspace/thridlib/iptables-1.8.9/install'
program_transform_name='s,x,x,'
psdir='${docdir}'
regular_CFLAGS='-Wall -Waggregate-return -Wmissing-declarations 	-Wmissing-prototypes -Wredundant-decls -Wshadow -Wstrict-prototypes 	-Wlogical-op 	-Winline -pipe'
regular_CPPFLAGS='-D_LARGEFILE_SOURCE=1 -D_LARGE_FILES -D_FILE_OFFSET_BITS=64 -D_REENTRANT 	-DXTABLES_LIBDIR=\"${xtlibdir}\" -DXTABLES_INTERNAL'
regular_LDFLAGS=''
runstatedir='${localstatedir}/run'
sbindir='${exec_prefix}/sbin'
sharedstatedir='${prefix}/com'
sysconfdir='${prefix}/etc'
target_alias=''
xtlibdir='${exec_prefix}/lib/xtables'

## ----------- ##
## confdefs.h. ##
## ----------- ##

/* confdefs.h */
#define PACKAGE_NAME "iptables"
#define PACKAGE_TARNAME "iptables"
#define PACKAGE_VERSION "1.8.9"
#define PACKAGE_STRING "iptables 1.8.9"
#define PACKAGE_BUGREPORT ""
#define PACKAGE_URL ""
#define PACKAGE "iptables"
#define VERSION "1.8.9"
#define STDC_HEADERS 1
#define HAVE_SYS_TYPES_H 1
#define HAVE_SYS_STAT_H 1
#define HAVE_STDLIB_H 1
#define HAVE_STRING_H 1
#define HAVE_MEMORY_H 1
#define HAVE_STRINGS_H 1
#define HAVE_INTTYPES_H 1
#define HAVE_STDINT_H 1
#define HAVE_UNISTD_H 1
#define HAVE_DLFCN_H 1
#define LT_OBJDIR ".libs/"
#define HAVE_LINUX_DCCP_H 1
#define HAVE_LINUX_IP_VS_H 1
#define HAVE_LINUX_MAGIC_H 1
#define HAVE_LINUX_BPF_H 1
#define SIZEOF_STRUCT_IP6_HDR 40
#define XT_LOCK_NAME "/run/xtables.lock"

configure: exit 0
